========== fold: 0 training ==========
Epoch 1 - avg_train_loss: 30.6701  avg_val_loss: 2.8978  time: 408s
Epoch 1 - Save Best Loss: 2.8978 Model
Epoch 2 - avg_train_loss: 1.4560  avg_val_loss: 1.5844  time: 384s
Epoch 2 - Save Best Loss: 1.5844 Model
Epoch 3 - avg_train_loss: 1.0694  avg_val_loss: 1.2725  time: 389s
Epoch 3 - Save Best Loss: 1.2725 Model
Epoch 4 - avg_train_loss: 0.9567  avg_val_loss: 1.1879  time: 388s
Epoch 4 - Save Best Loss: 1.1879 Model
Epoch 5 - avg_train_loss: 0.9042  avg_val_loss: 1.1309  time: 393s
Epoch 5 - Save Best Loss: 1.1309 Model
Epoch 6 - avg_train_loss: 0.8661  avg_val_loss: 1.0642  time: 389s
Epoch 6 - Save Best Loss: 1.0642 Model
Epoch 7 - avg_train_loss: 0.8446  avg_val_loss: 1.0834  time: 385s
Epoch 8 - avg_train_loss: 0.8227  avg_val_loss: 1.0332  time: 391s
Epoch 8 - Save Best Loss: 1.0332 Model
Epoch 9 - avg_train_loss: 0.8059  avg_val_loss: 1.0203  time: 390s
Epoch 9 - Save Best Loss: 1.0203 Model
Epoch 10 - avg_train_loss: 0.7952  avg_val_loss: 1.0136  time: 388s
Epoch 10 - Save Best Loss: 1.0136 Model
========== fold: 0 result ==========
best loss: 1.0136
Class: opacity  AP: 0.0000
