========== fold: 0 training ==========
Epoch 1 - avg_train_loss: 19.6205  avg_val_loss: 1.5460  time: 760s
Epoch 1 - Save Best Loss: 1.5460 Model
Epoch 2 - avg_train_loss: 1.1198  avg_val_loss: 1.0957  time: 748s
Epoch 2 - Save Best Loss: 1.0957 Model
Epoch 3 - avg_train_loss: 0.9611  avg_val_loss: 1.0013  time: 746s
Epoch 3 - Save Best Loss: 1.0013 Model
Epoch 4 - avg_train_loss: 0.9057  avg_val_loss: 0.9572  time: 748s
Epoch 4 - Save Best Loss: 0.9572 Model
Epoch 5 - avg_train_loss: 0.8706  avg_val_loss: 0.9261  time: 744s
Epoch 5 - Save Best Loss: 0.9261 Model
Epoch 6 - avg_train_loss: 0.8401  avg_val_loss: 0.9127  time: 738s
Epoch 6 - Save Best Loss: 0.9127 Model
Epoch 7 - avg_train_loss: 0.8136  avg_val_loss: 0.9267  time: 746s
Epoch 8 - avg_train_loss: 0.7841  avg_val_loss: 0.8992  time: 742s
Epoch 8 - Save Best Loss: 0.8992 Model
Epoch 9 - avg_train_loss: 0.7589  avg_val_loss: 0.8973  time: 738s
Epoch 9 - Save Best Loss: 0.8973 Model
Epoch 10 - avg_train_loss: 0.7440  avg_val_loss: 0.8862  time: 744s
Epoch 10 - Save Best Loss: 0.8862 Model
========== fold: 0 result ==========
best loss: 0.8862
Class: opacity  AP: 0.0000
