========== fold: 0 training ==========
Epoch 1 - avg_train_loss: 0.3996  avg_val_loss: 0.3644  time: 166s
Epoch 1 - AUC: 0.85329688845621
Epoch 1 - Save Best Score: 0.8533 Model
Epoch 2 - avg_train_loss: 0.3401  avg_val_loss: 0.3619  time: 169s
Epoch 2 - AUC: 0.8638590382047153
Epoch 2 - Save Best Score: 0.8639 Model
Epoch 3 - avg_train_loss: 0.2960  avg_val_loss: 0.3607  time: 165s
Epoch 3 - AUC: 0.8589835998052945
Epoch 4 - avg_train_loss: 0.2549  avg_val_loss: 0.3609  time: 166s
Epoch 4 - AUC: 0.8808489659390173
Epoch 4 - Save Best Score: 0.8808 Model
Epoch 5 - avg_train_loss: 0.2107  avg_val_loss: 0.3612  time: 168s
Epoch 5 - AUC: 0.8697048838631569
Epoch 6 - avg_train_loss: 0.1840  avg_val_loss: 0.3526  time: 164s
Epoch 6 - AUC: 0.8731559141798031
========== fold: 0 result ==========
Score: 0.88085
========== CV ==========
Score: 0.88085
