========== fold: 0 training ==========
========== fold: 0 training ==========
Epoch 1 - avg_train_loss: 33.6356  avg_val_loss: 2.8522  time: 391s
Epoch 1 - Save Best Loss: 2.8522 Model
Epoch 2 - avg_train_loss: 1.5183  avg_val_loss: 1.4207  time: 380s
Epoch 2 - Save Best Loss: 1.4207 Model
Epoch 3 - avg_train_loss: 1.1021  avg_val_loss: 1.1261  time: 376s
Epoch 3 - Save Best Loss: 1.1261 Model
Epoch 4 - avg_train_loss: 0.9870  avg_val_loss: 1.0497  time: 389s
Epoch 4 - Save Best Loss: 1.0497 Model
Epoch 5 - avg_train_loss: 0.9322  avg_val_loss: 1.0007  time: 389s
Epoch 5 - Save Best Loss: 1.0007 Model
Epoch 6 - avg_train_loss: 0.8958  avg_val_loss: 0.9743  time: 377s
Epoch 6 - Save Best Loss: 0.9743 Model
Epoch 7 - avg_train_loss: 0.8655  avg_val_loss: 0.9626  time: 386s
Epoch 7 - Save Best Loss: 0.9626 Model
Epoch 8 - avg_train_loss: 0.8390  avg_val_loss: 0.9337  time: 378s
Epoch 8 - Save Best Loss: 0.9337 Model
Epoch 9 - avg_train_loss: 0.8115  avg_val_loss: 0.9464  time: 387s
Epoch 10 - avg_train_loss: 0.7947  avg_val_loss: 0.9417  time: 377s
========== fold: 0 result ==========
best loss: 0.9337
Class: opacity  AP: 0.0000
