========== fold: 0 training ==========
Epoch 1 - avg_train_loss: 19.6204  avg_val_loss: 1.5447  time: 770s
Epoch 1 - Save Best Loss: 1.5447 Model
Epoch 2 - avg_train_loss: 1.1205  avg_val_loss: 1.0966  time: 763s
Epoch 2 - Save Best Loss: 1.0966 Model
Epoch 3 - avg_train_loss: 0.9615  avg_val_loss: 1.0021  time: 762s
Epoch 3 - Save Best Loss: 1.0021 Model
Epoch 4 - avg_train_loss: 0.9055  avg_val_loss: 0.9624  time: 755s
Epoch 4 - Save Best Loss: 0.9624 Model
Epoch 5 - avg_train_loss: 0.8693  avg_val_loss: 0.9260  time: 752s
Epoch 5 - Save Best Loss: 0.9260 Model
Epoch 6 - avg_train_loss: 0.8397  avg_val_loss: 0.9064  time: 751s
Epoch 6 - Save Best Loss: 0.9064 Model
Epoch 7 - avg_train_loss: 0.8134  avg_val_loss: 0.9231  time: 752s
Epoch 8 - avg_train_loss: 0.7834  avg_val_loss: 0.9029  time: 747s
Epoch 8 - Save Best Loss: 0.9029 Model
Epoch 9 - avg_train_loss: 0.7581  avg_val_loss: 0.8965  time: 761s
Epoch 9 - Save Best Loss: 0.8965 Model
Epoch 10 - avg_train_loss: 0.7438  avg_val_loss: 0.8888  time: 752s
Epoch 10 - Save Best Loss: 0.8888 Model
========== fold: 0 result ==========
best loss: 0.8888
Class: opacity  AP: 0.0005
