========== fold: 0 training ==========
Epoch 1 - avg_train_loss: 19.5516  avg_val_loss: 1.4100  time: 971s
Epoch 1 - Save Best Loss: 1.4100 Model
Epoch 2 - avg_train_loss: 0.9927  avg_val_loss: 1.0066  time: 963s
Epoch 2 - Save Best Loss: 1.0066 Model
Epoch 3 - avg_train_loss: 0.8597  avg_val_loss: 0.9030  time: 968s
Epoch 3 - Save Best Loss: 0.9030 Model
Epoch 4 - avg_train_loss: 0.8174  avg_val_loss: 0.8770  time: 964s
Epoch 4 - Save Best Loss: 0.8770 Model
Epoch 5 - avg_train_loss: 0.7868  avg_val_loss: 0.8807  time: 974s
Epoch 6 - avg_train_loss: 0.7561  avg_val_loss: 0.8637  time: 962s
Epoch 6 - Save Best Loss: 0.8637 Model
Epoch 7 - avg_train_loss: 0.7259  avg_val_loss: 0.8863  time: 972s
Epoch 8 - avg_train_loss: 0.6931  avg_val_loss: 0.8731  time: 958s
Epoch 9 - avg_train_loss: 0.6562  avg_val_loss: 0.8888  time: 974s
Epoch 10 - avg_train_loss: 0.6364  avg_val_loss: 0.8873  time: 967s
========== fold: 0 result ==========
best loss: 0.8637
Class: opacity  AP: 0.2712
========== fold: 1 training ==========
Epoch 1 - avg_train_loss: 17.1375  avg_val_loss: 1.4025  time: 959s
Epoch 1 - Save Best Loss: 1.4025 Model
Epoch 2 - avg_train_loss: 0.9914  avg_val_loss: 1.0110  time: 955s
Epoch 2 - Save Best Loss: 1.0110 Model
Epoch 3 - avg_train_loss: 0.8586  avg_val_loss: 0.9438  time: 967s
Epoch 3 - Save Best Loss: 0.9438 Model
Epoch 4 - avg_train_loss: 0.8156  avg_val_loss: 0.9499  time: 977s
Epoch 5 - avg_train_loss: 0.7841  avg_val_loss: 0.9018  time: 966s
Epoch 5 - Save Best Loss: 0.9018 Model
Epoch 6 - avg_train_loss: 0.7566  avg_val_loss: 0.8924  time: 965s
Epoch 6 - Save Best Loss: 0.8924 Model
Epoch 7 - avg_train_loss: 0.7222  avg_val_loss: 0.8809  time: 946s
Epoch 7 - Save Best Loss: 0.8809 Model
Epoch 8 - avg_train_loss: 0.6871  avg_val_loss: 0.8876  time: 956s
Epoch 9 - avg_train_loss: 0.6541  avg_val_loss: 0.9013  time: 959s
Epoch 10 - avg_train_loss: 0.6331  avg_val_loss: 0.9010  time: 958s
========== fold: 1 result ==========
best loss: 0.8809
Class: opacity  AP: 0.2622
========== fold: 2 training ==========
Epoch 1 - avg_train_loss: 17.8781  avg_val_loss: 1.4277  time: 949s
Epoch 1 - Save Best Loss: 1.4277 Model
Epoch 2 - avg_train_loss: 0.9875  avg_val_loss: 1.0020  time: 946s
Epoch 2 - Save Best Loss: 1.0020 Model
Epoch 3 - avg_train_loss: 0.8533  avg_val_loss: 0.9646  time: 963s
Epoch 3 - Save Best Loss: 0.9646 Model
Epoch 4 - avg_train_loss: 0.8114  avg_val_loss: 0.9130  time: 971s
Epoch 4 - Save Best Loss: 0.9130 Model
Epoch 5 - avg_train_loss: 0.7802  avg_val_loss: 0.8935  time: 955s
Epoch 5 - Save Best Loss: 0.8935 Model
Epoch 6 - avg_train_loss: 0.7480  avg_val_loss: 0.9016  time: 955s
Epoch 7 - avg_train_loss: 0.7162  avg_val_loss: 0.8920  time: 965s
Epoch 7 - Save Best Loss: 0.8920 Model
Epoch 8 - avg_train_loss: 0.6816  avg_val_loss: 0.8929  time: 958s
Epoch 9 - avg_train_loss: 0.6469  avg_val_loss: 0.9075  time: 960s
Epoch 10 - avg_train_loss: 0.6244  avg_val_loss: 0.8994  time: 962s
========== fold: 2 result ==========
best loss: 0.8920
Class: opacity  AP: 0.2655
========== fold: 3 training ==========
Epoch 1 - avg_train_loss: 17.6264  avg_val_loss: 1.4177  time: 958s
Epoch 1 - Save Best Loss: 1.4177 Model
Epoch 2 - avg_train_loss: 0.9989  avg_val_loss: 1.0151  time: 968s
Epoch 2 - Save Best Loss: 1.0151 Model
Epoch 3 - avg_train_loss: 0.8616  avg_val_loss: 0.9512  time: 961s
Epoch 3 - Save Best Loss: 0.9512 Model
Epoch 4 - avg_train_loss: 0.8165  avg_val_loss: 0.9031  time: 964s
Epoch 4 - Save Best Loss: 0.9031 Model
Epoch 5 - avg_train_loss: 0.7831  avg_val_loss: 0.9130  time: 967s
Epoch 6 - avg_train_loss: 0.7533  avg_val_loss: 0.9197  time: 967s
Epoch 7 - avg_train_loss: 0.7220  avg_val_loss: 0.8946  time: 959s
Epoch 7 - Save Best Loss: 0.8946 Model
Epoch 8 - avg_train_loss: 0.6838  avg_val_loss: 0.9021  time: 968s
Epoch 9 - avg_train_loss: 0.6506  avg_val_loss: 0.9235  time: 968s
Epoch 10 - avg_train_loss: 0.6294  avg_val_loss: 0.9066  time: 966s
========== fold: 3 result ==========
best loss: 0.8946
Class: opacity  AP: 0.2728
========== fold: 4 training ==========
Epoch 1 - avg_train_loss: 18.4278  avg_val_loss: 1.4683  time: 960s
Epoch 1 - Save Best Loss: 1.4683 Model
Epoch 2 - avg_train_loss: 1.0060  avg_val_loss: 1.0220  time: 965s
Epoch 2 - Save Best Loss: 1.0220 Model
Epoch 3 - avg_train_loss: 0.8606  avg_val_loss: 0.9640  time: 956s
Epoch 3 - Save Best Loss: 0.9640 Model
Epoch 4 - avg_train_loss: 0.8151  avg_val_loss: 0.9176  time: 965s
Epoch 4 - Save Best Loss: 0.9176 Model
Epoch 5 - avg_train_loss: 0.7842  avg_val_loss: 0.8927  time: 968s
Epoch 5 - Save Best Loss: 0.8927 Model
Epoch 6 - avg_train_loss: 0.7548  avg_val_loss: 0.9046  time: 950s
Epoch 7 - avg_train_loss: 0.7238  avg_val_loss: 0.9088  time: 961s
Epoch 8 - avg_train_loss: 0.6901  avg_val_loss: 0.9087  time: 973s
Epoch 9 - avg_train_loss: 0.6598  avg_val_loss: 0.9151  time: 964s
Epoch 10 - avg_train_loss: 0.6381  avg_val_loss: 0.9270  time: 962s
========== fold: 4 result ==========
best loss: 0.8927
Class: opacity  AP: 0.2575
========== CV ==========
mean of loss: 0.8848
Class: opacity  AP: 0.2737
