========== fold: 0 training ==========
========== fold: 0 training ==========
Epoch 1 - avg_train_loss: 83.7922  avg_val_loss: 33.6243  time: 399s
Epoch 1 - Save Best Loss: 33.6243 Model
Epoch 2 - avg_train_loss: 10.2320  avg_val_loss: 6.4607  time: 388s
Epoch 2 - Save Best Loss: 6.4607 Model
Epoch 3 - avg_train_loss: 3.1358  avg_val_loss: 2.9842  time: 385s
Epoch 3 - Save Best Loss: 2.9842 Model
Epoch 4 - avg_train_loss: 1.8822  avg_val_loss: 2.0590  time: 387s
Epoch 4 - Save Best Loss: 2.0590 Model
Epoch 5 - avg_train_loss: 1.4510  avg_val_loss: 1.6480  time: 388s
Epoch 5 - Save Best Loss: 1.6480 Model
Epoch 6 - avg_train_loss: 1.2533  avg_val_loss: 1.4609  time: 388s
Epoch 6 - Save Best Loss: 1.4609 Model
Epoch 7 - avg_train_loss: 1.1446  avg_val_loss: 1.3573  time: 393s
Epoch 7 - Save Best Loss: 1.3573 Model
Epoch 8 - avg_train_loss: 1.0793  avg_val_loss: 1.2917  time: 390s
Epoch 8 - Save Best Loss: 1.2917 Model
Epoch 9 - avg_train_loss: 1.0386  avg_val_loss: 1.2767  time: 393s
Epoch 9 - Save Best Loss: 1.2767 Model
Epoch 10 - avg_train_loss: 1.0184  avg_val_loss: 1.2654  time: 386s
Epoch 10 - Save Best Loss: 1.2654 Model
========== fold: 0 result ==========
best loss: 1.2654
Class: opacity  AP: 0.0000
